make --dry-run --always-make --keep-going --print-directory
make: Entering directory `/Users/Akhil/vscode/SAAK_repo'
echo "Stopping server..."
# kills process running on port 4100
lsof -ti :4100 | xargs kill >/dev/null 2>&1 || true
echo "Stopping logging process..."
# kills previously running logging processes
ps aux | awk -v log_file=/tmp/jekyll4100.log '$0 ~ "tail -f " log_file { print $2 }' | xargs kill >/dev/null 2>&1 || true
# removes log
rm -f /tmp/jekyll4100.log
echo "Converting source _notebooks/2023-11-28-binary-shift-demo.ipynb to destination _posts/2023-11-28-binary-shift-demo_IPYNB_2_.md"
python3 -c 'import sys; from scripts.convert_notebooks import convert_single_notebook; convert_single_notebook(sys.argv[1])' "_notebooks/2023-11-28-binary-shift-demo.ipynb"
echo "Converting source _notebooks/2023-12-13-Undecided-Problems.ipynb to destination _posts/2023-12-13-Undecided-Problems_IPYNB_2_.md"
python3 -c 'import sys; from scripts.convert_notebooks import convert_single_notebook; convert_single_notebook(sys.argv[1])' "_notebooks/2023-12-13-Undecided-Problems.ipynb"
echo "Starting server..."
nohup bundle exec jekyll serve -H 127.0.0.1 -P 4100 > /tmp/jekyll4100.log 2>&1 & \
		PID=$!; \
		echo "Server PID: $PID"
until [ -f /tmp/jekyll4100.log ]; do sleep 1; done
echo "Terminal logging starting, watching server..."
# tail and awk work together to extract Jekyll regeneration messages
# When a _notebook is detected in the log, call make convert in the background
# Note: We use the "if ($0 ~ /_notebooks\/.*\.ipynb/) { system(\"make convert &\") }" to call make convert
(tail -f /tmp/jekyll4100.log | awk '/Server address: http:\/\/127.0.0.1:4100\/teacher_portfolio\// { serverReady=1 } \
	serverReady && /^ *Regenerating:/ { regenerate=1 } \
	regenerate { \
		if (/^[[:blank:]]*$/) { regenerate=0 } \
		else { \
			print; \
			if ($0 ~ /_notebooks\/.*\.ipynb/) { system("make convert &") } \
		} \
	}') 2>/dev/null &
# start an infinite loop with timeout to check log status
for ((COUNTER = 0; ; COUNTER++)); do \
		if grep -q "Server address:" /tmp/jekyll4100.log; then \
			echo "Server started in $COUNTER seconds"; \
			break; \
		fi; \
		if [ $COUNTER -eq 60 ]; then \
			echo "Server timed out after $COUNTER seconds."; \
			echo "Review errors from /tmp/jekyll4100.log."; \
			cat /tmp/jekyll4100.log; \
			exit 1; \
		fi; \
		sleep 1; \
	done
# outputs startup log, removes last line ($d) as ctl-c message is not applicable for background process
sed '$d' /tmp/jekyll4100.log
make: Leaving directory `/Users/Akhil/vscode/SAAK_repo'
 
